<?xml version="1.0" encoding="UTF-8"?>
<!-- Generated by org.testng.reporters.JUnitReportReporter -->
<testsuite hostname="DESKTOP-6AG80HT" name="com.training.sanity.tests.Eltc078ElearningTeacherCourseandReportPOM" tests="1" failures="0" timestamp="16 May 2020 11:43:48 GMT" time="24.918" errors="0">
  <testcase name="validLoginTest" time="24.918" classname="com.training.sanity.tests.Eltc078ElearningTeacherCourseandReportPOM"/>
</testsuite> <!-- com.training.sanity.tests.Eltc078ElearningTeacherCourseandReportPOM -->
