<?xml version="1.0" encoding="UTF-8"?>
<!-- Generated by org.testng.reporters.JUnitReportReporter -->
<testsuite hostname="DESKTOP-6AG80HT" name="com.training.regression.tests.LoginExcelTest" tests="3" failures="0" timestamp="18 May 2020 05:06:31 GMT" time="66.711" errors="0">
  <testcase name="loginDBTest" time="21.153" classname="com.training.regression.tests.LoginExcelTest"/>
  <testcase name="loginDBTest" time="23.810" classname="com.training.regression.tests.LoginExcelTest"/>
  <testcase name="loginDBTest" time="21.748" classname="com.training.regression.tests.LoginExcelTest"/>
</testsuite> <!-- com.training.regression.tests.LoginExcelTest -->
