<?xml version="1.0" encoding="UTF-8"?>
<!-- Generated by org.testng.reporters.JUnitReportReporter -->
<testsuite hostname="DESKTOP-6AG80HT" name="com.training.sanity.tests.TC076ElearningAdminMultipleUserRegistration2" tests="3" failures="0" timestamp="25 May 2020 07:43:14 GMT" time="26.791" errors="0">
  <testcase name="maddUserDetails" time="9.853" classname="com.training.sanity.tests.TC076ElearningAdminMultipleUserRegistration2"/>
  <testcase name="validLoginTest" time="5.794" classname="com.training.sanity.tests.TC076ElearningAdminMultipleUserRegistration2"/>
  <testcase name="maddUserDetails" time="11.144" classname="com.training.sanity.tests.TC076ElearningAdminMultipleUserRegistration2"/>
</testsuite> <!-- com.training.sanity.tests.TC076ElearningAdminMultipleUserRegistration2 -->
