<?xml version="1.0" encoding="UTF-8"?>
<!-- Generated by org.testng.reporters.JUnitReportReporter -->
<testsuite hostname="DESKTOP-6AG80HT" name="com.training.sanity.tests.Eltc047ElearningAdminCreateCourseandCategoryforUser" tests="4" failures="0" timestamp="14 May 2020 18:42:22 GMT" time="30.201" errors="0">
  <testcase name="coursesCategories" time="9.158" classname="com.training.sanity.tests.Eltc047ElearningAdminCreateCourseandCategoryforUser"/>
  <testcase name="validLoginTest" time="12.279" classname="com.training.sanity.tests.Eltc047ElearningAdminCreateCourseandCategoryforUser"/>
  <testcase name="createCourse" time="6.558" classname="com.training.sanity.tests.Eltc047ElearningAdminCreateCourseandCategoryforUser"/>
  <testcase name="searchSelectedCourse" time="2.206" classname="com.training.sanity.tests.Eltc047ElearningAdminCreateCourseandCategoryforUser"/>
</testsuite> <!-- com.training.sanity.tests.Eltc047ElearningAdminCreateCourseandCategoryforUser -->
