<?xml version="1.0" encoding="UTF-8"?>
<!-- Generated by org.testng.reporters.JUnitReportReporter -->
<testsuite hostname="DESKTOP-6AG80HT" name="com.training.sanity.tests.Eltc017ElearningAdmin" tests="1" failures="0" timestamp="10 May 2020 16:49:40 GMT" time="24.117" errors="0">
  <testcase name="validLoginTest" time="24.117" classname="com.training.sanity.tests.Eltc017ElearningAdmin"/>
</testsuite> <!-- com.training.sanity.tests.Eltc017ElearningAdmin -->
