<?xml version="1.0" encoding="UTF-8"?>
<!-- Generated by org.testng.reporters.JUnitReportReporter -->
<testsuite hostname="DESKTOP-6AG80HT" name="com.training.sanity.tests.TC046ElearningAdminMultipleUserRegistration" tests="1" failures="0" timestamp="20 May 2020 00:21:54 GMT" time="19.442" errors="0">
  <testcase name="loginDBTest" time="19.442" classname="com.training.sanity.tests.TC046ElearningAdminMultipleUserRegistration"/>
</testsuite> <!-- com.training.sanity.tests.TC046ElearningAdminMultipleUserRegistration -->
