<?xml version="1.0" encoding="UTF-8"?>
<!-- Generated by org.testng.reporters.JUnitReportReporter -->
<testsuite hostname="DESKTOP-6AG80HT" name="com.training.sanity.tests.Eltc046TeacherTaskandStudentComment" tests="3" failures="0" timestamp="19 May 2020 02:55:42 GMT" time="58.371" errors="0">
  <testcase name="validLoginTest" time="9.378" classname="com.training.sanity.tests.Eltc046TeacherTaskandStudentComment"/>
  <testcase name="studentaddComment" time="11.580" classname="com.training.sanity.tests.Eltc046TeacherTaskandStudentComment"/>
  <testcase name="studentSubscribe" time="37.413" classname="com.training.sanity.tests.Eltc046TeacherTaskandStudentComment"/>
</testsuite> <!-- com.training.sanity.tests.Eltc046TeacherTaskandStudentComment -->
