<?xml version="1.0" encoding="UTF-8"?>
<!-- Generated by org.testng.reporters.JUnitReportReporter -->
<testsuite hostname="DESKTOP-6AG80HT" name="com.training.sanity.tests.Eltc017ElearningAdmin" tests="1" failures="0" timestamp="12 May 2020 05:00:10 GMT" time="34.807" errors="0">
  <testcase name="validLoginTest" time="34.807" classname="com.training.sanity.tests.Eltc017ElearningAdmin"/>
</testsuite> <!-- com.training.sanity.tests.Eltc017ElearningAdmin -->
