<?xml version="1.0" encoding="UTF-8"?>
<!-- Generated by org.testng.reporters.JUnitReportReporter -->
<testsuite hostname="DESKTOP-6AG80HT" name="com.training.sanity.tests.Eltc016Elearning" tests="3" failures="0" timestamp="10 May 2020 16:48:31 GMT" time="10.147" errors="0">
  <testcase name="validLoginTest" time="5.577" classname="com.training.sanity.tests.Eltc016Elearning"/>
  <testcase name="logout" time="3.118" classname="com.training.sanity.tests.Eltc016Elearning"/>
  <testcase name="Welcomemessage" time="1.452" classname="com.training.sanity.tests.Eltc016Elearning"/>
</testsuite> <!-- com.training.sanity.tests.Eltc016Elearning -->
